<?xml version="1.0" encoding="UTF-8"?>
<!-- Generated by org.testng.reporters.JUnitXMLReporter -->
<testsuite ignored="3" hostname="Mosab" failures="0" tests="1" name="Default test" time="13.92" errors="0" timestamp="2024-10-21T20:27:34 EET">
  <testcase classname="forthProject.MyTestCases" name="AddItemToThecart" time="12.529"/>
  <testcase classname="forthProject.MyTestCases" name="Logout" time="0.0">
    <ignored/>
  </testcase> <!-- Logout -->
  <testcase classname="forthProject.MyTestCases" name="signUp" time="0.0">
    <ignored/>
  </testcase> <!-- signUp -->
  <testcase classname="forthProject.MyTestCases" name="login" time="0.0">
    <ignored/>
  </testcase> <!-- login -->
</testsuite> <!-- Default test -->
