<?xml version="1.0" encoding="UTF-8"?>
<!-- Generated by org.testng.reporters.JUnitXMLReporter -->
<testsuite ignored="0" hostname="Mosab" failures="0" tests="4" name="Default test" time="33.492" errors="0" timestamp="2024-10-22T00:23:05 EET">
  <testcase classname="forthProject.MyTestCases" name="signUp" time="8.191"/>
  <testcase classname="forthProject.MyTestCases" name="Logout" time="2.667"/>
  <testcase classname="forthProject.MyTestCases" name="login" time="6.209"/>
  <testcase classname="forthProject.MyTestCases" name="AddItemToThecart" time="15.063"/>
</testsuite> <!-- Default test -->
