<?xml version="1.0" encoding="UTF-8"?>
<testng-results ignored="3" total="4" passed="1" failed="0" skipped="0">
  <reporter-output>
  </reporter-output>
  <suite started-at="2024-10-21T20:27:20 EET" name="Default suite" finished-at="2024-10-21T20:27:34 EET" duration-ms="13920">
    <groups>
    </groups>
    <test started-at="2024-10-21T20:27:20 EET" name="Default test" finished-at="2024-10-21T20:27:34 EET" duration-ms="13920">
      <class name="forthProject.MyTestCases">
        <test-method is-config="true" signature="mySetup()[pri:0, instance:forthProject.MyTestCases@2e8e8225]" started-at="2024-10-21T20:27:20 EET" name="mySetup" finished-at="2024-10-21T20:27:21 EET" duration-ms="1347" status="PASS">
          <reporter-output>
          </reporter-output>
        </test-method> <!-- mySetup -->
        <test-method signature="AddItemToThecart()[pri:4, instance:forthProject.MyTestCases@2e8e8225]" started-at="2024-10-21T20:27:21 EET" name="AddItemToThecart" finished-at="2024-10-21T20:27:34 EET" duration-ms="12529" status="PASS">
          <reporter-output>
          </reporter-output>
        </test-method> <!-- AddItemToThecart -->
      </class> <!-- forthProject.MyTestCases -->
    </test> <!-- Default test -->
  </suite> <!-- Default suite -->
</testng-results>
